  MyForm.cpp
C:\Program Files (x86)\Microsoft Visual Studio 14.0\VC\include\cmath(19): error C2039: 'fabs': is not a member of '`global namespace''
C:\Program Files (x86)\Microsoft Visual Studio 14.0\VC\include\cmath(27): error C2039: 'pow': is not a member of '`global namespace''
C:\Program Files (x86)\Microsoft Visual Studio 14.0\VC\include\cmath(32): error C2039: 'fabsf': is not a member of '`global namespace''
C:\Program Files (x86)\Microsoft Visual Studio 14.0\VC\include\cmath(37): error C2039: 'acosf': is not a member of '`global namespace''
C:\Program Files (x86)\Microsoft Visual Studio 14.0\VC\include\cmath(42): error C2039: 'acoshf': is not a member of '`global namespace''
C:\Program Files (x86)\Microsoft Visual Studio 14.0\VC\include\cmath(47): error C2039: 'asinf': is not a member of '`global namespace''
C:\Program Files (x86)\Microsoft Visual Studio 14.0\VC\include\cmath(52): error C2039: 'asinhf': is not a member of '`global namespace''
C:\Program Files (x86)\Microsoft Visual Studio 14.0\VC\include\cmath(57): error C2039: 'atanf': is not a member of '`global namespace''
C:\Program Files (x86)\Microsoft Visual Studio 14.0\VC\include\cmath(62): error C2039: 'atanhf': is not a member of '`global namespace''
C:\Program Files (x86)\Microsoft Visual Studio 14.0\VC\include\cmath(67): error C2039: 'atan2f': is not a member of '`global namespace''
C:\Program Files (x86)\Microsoft Visual Studio 14.0\VC\include\cmath(72): error C2039: 'cbrtf': is not a member of '`global namespace''
C:\Program Files (x86)\Microsoft Visual Studio 14.0\VC\include\cmath(77): error C2039: 'ceilf': is not a member of '`global namespace''
C:\Program Files (x86)\Microsoft Visual Studio 14.0\VC\include\cmath(83): error C2039: 'copysignf': is not a member of '`global namespace''
C:\Program Files (x86)\Microsoft Visual Studio 14.0\VC\include\cmath(88): error C2039: 'cosf': is not a member of '`global namespace''
C:\Program Files (x86)\Microsoft Visual Studio 14.0\VC\include\cmath(93): error C2039: 'coshf': is not a member of '`global namespace''
C:\Program Files (x86)\Microsoft Visual Studio 14.0\VC\include\cmath(98): error C2039: 'erff': is not a member of '`global namespace''
C:\Program Files (x86)\Microsoft Visual Studio 14.0\VC\include\cmath(103): error C2039: 'erfcf': is not a member of '`global namespace''
C:\Program Files (x86)\Microsoft Visual Studio 14.0\VC\include\cmath(108): error C2039: 'expf': is not a member of '`global namespace''
C:\Program Files (x86)\Microsoft Visual Studio 14.0\VC\include\cmath(113): error C2039: 'exp2f': is not a member of '`global namespace''
C:\Program Files (x86)\Microsoft Visual Studio 14.0\VC\include\cmath(118): error C2039: 'expm1f': is not a member of '`global namespace''
C:\Program Files (x86)\Microsoft Visual Studio 14.0\VC\include\cmath(123): error C2039: 'fabsf': is not a member of '`global namespace''
C:\Program Files (x86)\Microsoft Visual Studio 14.0\VC\include\cmath(128): error C2039: 'fdimf': is not a member of '`global namespace''
C:\Program Files (x86)\Microsoft Visual Studio 14.0\VC\include\cmath(133): error C2039: 'floorf': is not a member of '`global namespace''
C:\Program Files (x86)\Microsoft Visual Studio 14.0\VC\include\cmath(139): error C2039: 'fmaf': is not a member of '`global namespace''
C:\Program Files (x86)\Microsoft Visual Studio 14.0\VC\include\cmath(144): error C2039: 'fmaxf': is not a member of '`global namespace''
C:\Program Files (x86)\Microsoft Visual Studio 14.0\VC\include\cmath(149): error C2039: 'fminf': is not a member of '`global namespace''
C:\Program Files (x86)\Microsoft Visual Studio 14.0\VC\include\cmath(154): error C2039: 'fmodf': is not a member of '`global namespace''
C:\Program Files (x86)\Microsoft Visual Studio 14.0\VC\include\cmath(159): error C2039: 'frexpf': is not a member of '`global namespace''
C:\Program Files (x86)\Microsoft Visual Studio 14.0\VC\include\cmath(164): error C2039: 'hypotf': is not a member of '`global namespace''
C:\Program Files (x86)\Microsoft Visual Studio 14.0\VC\include\cmath(169): error C2039: 'ilogbf': is not a member of '`global namespace''
C:\Program Files (x86)\Microsoft Visual Studio 14.0\VC\include\cmath(174): error C2039: 'ldexpf': is not a member of '`global namespace''
C:\Program Files (x86)\Microsoft Visual Studio 14.0\VC\include\cmath(179): error C2039: 'lgammaf': is not a member of '`global namespace''
C:\Program Files (x86)\Microsoft Visual Studio 14.0\VC\include\cmath(184): error C2039: 'llrintf': is not a member of '`global namespace''
C:\Program Files (x86)\Microsoft Visual Studio 14.0\VC\include\cmath(189): error C2039: 'llroundf': is not a member of '`global namespace''
C:\Program Files (x86)\Microsoft Visual Studio 14.0\VC\include\cmath(194): error C2039: 'logf': is not a member of '`global namespace''
C:\Program Files (x86)\Microsoft Visual Studio 14.0\VC\include\cmath(199): error C2039: 'log10f': is not a member of '`global namespace''
C:\Program Files (x86)\Microsoft Visual Studio 14.0\VC\include\cmath(204): error C2039: 'log1pf': is not a member of '`global namespace''
C:\Program Files (x86)\Microsoft Visual Studio 14.0\VC\include\cmath(209): error C2039: 'log2f': is not a member of '`global namespace''
C:\Program Files (x86)\Microsoft Visual Studio 14.0\VC\include\cmath(214): error C2039: 'logbf': is not a member of '`global namespace''
C:\Program Files (x86)\Microsoft Visual Studio 14.0\VC\include\cmath(219): error C2039: 'lrintf': is not a member of '`global namespace''
C:\Program Files (x86)\Microsoft Visual Studio 14.0\VC\include\cmath(224): error C2039: 'lroundf': is not a member of '`global namespace''
C:\Program Files (x86)\Microsoft Visual Studio 14.0\VC\include\cmath(229): error C2039: 'modff': is not a member of '`global namespace''
C:\Program Files (x86)\Microsoft Visual Studio 14.0\VC\include\cmath(234): error C2039: 'nearbyintf': is not a member of '`global namespace''
C:\Program Files (x86)\Microsoft Visual Studio 14.0\VC\include\cmath(239): error C2039: 'nextafterf': is not a member of '`global namespace''
C:\Program Files (x86)\Microsoft Visual Studio 14.0\VC\include\cmath(245): error C2039: 'nexttowardf': is not a member of '`global namespace''
C:\Program Files (x86)\Microsoft Visual Studio 14.0\VC\include\cmath(251): error C2039: 'powf': is not a member of '`global namespace''
C:\Program Files (x86)\Microsoft Visual Studio 14.0\VC\include\cmath(259): error C2039: 'powf': is not a member of '`global namespace''
C:\Program Files (x86)\Microsoft Visual Studio 14.0\VC\include\cmath(264): error C2039: 'remainderf': is not a member of '`global namespace''
C:\Program Files (x86)\Microsoft Visual Studio 14.0\VC\include\cmath(270): error C2039: 'remquof': is not a member of '`global namespace''
C:\Program Files (x86)\Microsoft Visual Studio 14.0\VC\include\cmath(275): error C2039: 'rintf': is not a member of '`global namespace''
C:\Program Files (x86)\Microsoft Visual Studio 14.0\VC\include\cmath(280): error C2039: 'roundf': is not a member of '`global namespace''
C:\Program Files (x86)\Microsoft Visual Studio 14.0\VC\include\cmath(285): error C2039: 'scalblnf': is not a member of '`global namespace''
C:\Program Files (x86)\Microsoft Visual Studio 14.0\VC\include\cmath(290): error C2039: 'scalbnf': is not a member of '`global namespace''
C:\Program Files (x86)\Microsoft Visual Studio 14.0\VC\include\cmath(295): error C2039: 'sinf': is not a member of '`global namespace''
C:\Program Files (x86)\Microsoft Visual Studio 14.0\VC\include\cmath(300): error C2039: 'sinhf': is not a member of '`global namespace''
C:\Program Files (x86)\Microsoft Visual Studio 14.0\VC\include\cmath(305): error C2039: 'sqrtf': is not a member of '`global namespace''
C:\Program Files (x86)\Microsoft Visual Studio 14.0\VC\include\cmath(310): error C2039: 'tanf': is not a member of '`global namespace''
C:\Program Files (x86)\Microsoft Visual Studio 14.0\VC\include\cmath(315): error C2039: 'tanhf': is not a member of '`global namespace''
C:\Program Files (x86)\Microsoft Visual Studio 14.0\VC\include\cmath(320): error C2039: 'tgammaf': is not a member of '`global namespace''
C:\Program Files (x86)\Microsoft Visual Studio 14.0\VC\include\cmath(325): error C2039: 'truncf': is not a member of '`global namespace''
C:\Program Files (x86)\Microsoft Visual Studio 14.0\VC\include\cmath(330): error C2039: 'fabsl': is not a member of '`global namespace''
C:\Program Files (x86)\Microsoft Visual Studio 14.0\VC\include\cmath(335): error C2039: 'acosl': is not a member of '`global namespace''
C:\Program Files (x86)\Microsoft Visual Studio 14.0\VC\include\cmath(340): error C2039: 'acoshl': is not a member of '`global namespace''
C:\Program Files (x86)\Microsoft Visual Studio 14.0\VC\include\cmath(345): error C2039: 'asinl': is not a member of '`global namespace''
C:\Program Files (x86)\Microsoft Visual Studio 14.0\VC\include\cmath(350): error C2039: 'asinhl': is not a member of '`global namespace''
C:\Program Files (x86)\Microsoft Visual Studio 14.0\VC\include\cmath(355): error C2039: 'atanl': is not a member of '`global namespace''
C:\Program Files (x86)\Microsoft Visual Studio 14.0\VC\include\cmath(360): error C2039: 'atanhl': is not a member of '`global namespace''
C:\Program Files (x86)\Microsoft Visual Studio 14.0\VC\include\cmath(366): error C2039: 'atan2l': is not a member of '`global namespace''
C:\Program Files (x86)\Microsoft Visual Studio 14.0\VC\include\cmath(371): error C2039: 'cbrtl': is not a member of '`global namespace''
C:\Program Files (x86)\Microsoft Visual Studio 14.0\VC\include\cmath(376): error C2039: 'ceill': is not a member of '`global namespace''
C:\Program Files (x86)\Microsoft Visual Studio 14.0\VC\include\cmath(382): error C2039: 'copysignl': is not a member of '`global namespace''
C:\Program Files (x86)\Microsoft Visual Studio 14.0\VC\include\cmath(387): error C2039: 'cosl': is not a member of '`global namespace''
C:\Program Files (x86)\Microsoft Visual Studio 14.0\VC\include\cmath(392): error C2039: 'coshl': is not a member of '`global namespace''
C:\Program Files (x86)\Microsoft Visual Studio 14.0\VC\include\cmath(397): error C2039: 'erfl': is not a member of '`global namespace''
C:\Program Files (x86)\Microsoft Visual Studio 14.0\VC\include\cmath(402): error C2039: 'erfcl': is not a member of '`global namespace''
C:\Program Files (x86)\Microsoft Visual Studio 14.0\VC\include\cmath(407): error C2039: 'expl': is not a member of '`global namespace''
C:\Program Files (x86)\Microsoft Visual Studio 14.0\VC\include\cmath(412): error C2039: 'exp2l': is not a member of '`global namespace''
C:\Program Files (x86)\Microsoft Visual Studio 14.0\VC\include\cmath(417): error C2039: 'expm1l': is not a member of '`global namespace''
C:\Program Files (x86)\Microsoft Visual Studio 14.0\VC\include\cmath(422): error C2039: 'fabsl': is not a member of '`global namespace''
C:\Program Files (x86)\Microsoft Visual Studio 14.0\VC\include\cmath(428): error C2039: 'fdiml': is not a member of '`global namespace''
C:\Program Files (x86)\Microsoft Visual Studio 14.0\VC\include\cmath(433): error C2039: 'floorl': is not a member of '`global namespace''
C:\Program Files (x86)\Microsoft Visual Studio 14.0\VC\include\cmath(439): error C2039: 'fmal': is not a member of '`global namespace''
C:\Program Files (x86)\Microsoft Visual Studio 14.0\VC\include\cmath(445): error C2039: 'fmaxl': is not a member of '`global namespace''
C:\Program Files (x86)\Microsoft Visual Studio 14.0\VC\include\cmath(451): error C2039: 'fminl': is not a member of '`global namespace''
C:\Program Files (x86)\Microsoft Visual Studio 14.0\VC\include\cmath(457): error C2039: 'fmodl': is not a member of '`global namespace''
C:\Program Files (x86)\Microsoft Visual Studio 14.0\VC\include\cmath(463): error C2039: 'frexpl': is not a member of '`global namespace''
C:\Program Files (x86)\Microsoft Visual Studio 14.0\VC\include\cmath(469): error C2039: 'hypotl': is not a member of '`global namespace''
C:\Program Files (x86)\Microsoft Visual Studio 14.0\VC\include\cmath(474): error C2039: 'ilogbl': is not a member of '`global namespace''
C:\Program Files (x86)\Microsoft Visual Studio 14.0\VC\include\cmath(480): error C2039: 'ldexpl': is not a member of '`global namespace''
C:\Program Files (x86)\Microsoft Visual Studio 14.0\VC\include\cmath(485): error C2039: 'lgammal': is not a member of '`global namespace''
C:\Program Files (x86)\Microsoft Visual Studio 14.0\VC\include\cmath(490): error C2039: 'llrintl': is not a member of '`global namespace''
C:\Program Files (x86)\Microsoft Visual Studio 14.0\VC\include\cmath(495): error C2039: 'llroundl': is not a member of '`global namespace''
C:\Program Files (x86)\Microsoft Visual Studio 14.0\VC\include\cmath(500): error C2039: 'logl': is not a member of '`global namespace''
C:\Program Files (x86)\Microsoft Visual Studio 14.0\VC\include\cmath(505): error C2039: 'log10l': is not a member of '`global namespace''
C:\Program Files (x86)\Microsoft Visual Studio 14.0\VC\include\cmath(510): error C2039: 'log1pl': is not a member of '`global namespace''
C:\Program Files (x86)\Microsoft Visual Studio 14.0\VC\include\cmath(515): error C2039: 'log2l': is not a member of '`global namespace''
C:\Program Files (x86)\Microsoft Visual Studio 14.0\VC\include\cmath(520): error C2039: 'logbl': is not a member of '`global namespace''
C:\Program Files (x86)\Microsoft Visual Studio 14.0\VC\include\cmath(525): error C2039: 'lrintl': is not a member of '`global namespace''
C:\Program Files (x86)\Microsoft Visual Studio 14.0\VC\include\cmath(530): error C2039: 'lroundl': is not a member of '`global namespace''
C:\Program Files (x86)\Microsoft Visual Studio 14.0\VC\include\cmath(536): error C2039: 'modfl': is not a member of '`global namespace''
C:\Program Files (x86)\Microsoft Visual Studio 14.0\VC\include\cmath(541): error C2039: 'nearbyintl': is not a member of '`global namespace''
C:\Program Files (x86)\Microsoft Visual Studio 14.0\VC\include\cmath(541): fatal error C1003: error count exceeds 100; stopping compilation
